INFO [05-12|18:41:13.471] Maximum peer count                       ETH=50 total=50
INFO [05-12|18:41:13.474] Set global gas cap                       cap=50,000,000
INFO [05-12|18:41:13.474] Initializing the KZG library             backend=gokzg
INFO [05-12|18:41:13.497] Allocated trie memory caches             clean=154.00MiB dirty=256.00MiB
INFO [05-12|18:41:13.498] Using pebble as the backing database
INFO [05-12|18:41:13.498] Allocated cache and file handles         database=/Users/muktar/Documents/workspace/BC_ProductVerification/myDataDir/geth/chaindata cache=512.00MiB handles=5120
INFO [05-12|18:41:13.540] Opened ancient database                  database=/Users/muktar/Documents/workspace/BC_ProductVerification/myDataDir/geth/chaindata/ancient/chain readonly=false
INFO [05-12|18:41:13.541] State scheme set to already existing     scheme=path
INFO [05-12|18:41:13.542] Initialising Ethereum protocol           network=1114 dbversion=<nil>
INFO [05-12|18:41:13.545] Failed to load journal, discard it       err="journal not found"
INFO [05-12|18:41:13.550] Opened ancient database                  database=/Users/muktar/Documents/workspace/BC_ProductVerification/myDataDir/geth/chaindata/ancient/state readonly=false
INFO [05-12|18:41:13.550] 
INFO [05-12|18:41:13.550] ---------------------------------------------------------------------------------------------------------------------------------------------------------
INFO [05-12|18:41:13.550] Chain ID:  1337 (unknown)
INFO [05-12|18:41:13.550] Consensus: unknown
INFO [05-12|18:41:13.550] 
INFO [05-12|18:41:13.550] Pre-Merge hard forks (block based):
INFO [05-12|18:41:13.550]  - Homestead:                   #0        (https://github.com/ethereum/execution-specs/blob/master/network-upgrades/mainnet-upgrades/homestead.md)
INFO [05-12|18:41:13.550]  - Tangerine Whistle (EIP 150): #0        (https://github.com/ethereum/execution-specs/blob/master/network-upgrades/mainnet-upgrades/tangerine-whistle.md)
INFO [05-12|18:41:13.550]  - Spurious Dragon/1 (EIP 155): #0        (https://github.com/ethereum/execution-specs/blob/master/network-upgrades/mainnet-upgrades/spurious-dragon.md)
INFO [05-12|18:41:13.550]  - Spurious Dragon/2 (EIP 158): #0        (https://github.com/ethereum/execution-specs/blob/master/network-upgrades/mainnet-upgrades/spurious-dragon.md)
INFO [05-12|18:41:13.550]  - Byzantium:                   #0        (https://github.com/ethereum/execution-specs/blob/master/network-upgrades/mainnet-upgrades/byzantium.md)
INFO [05-12|18:41:13.550]  - Constantinople:              #0        (https://github.com/ethereum/execution-specs/blob/master/network-upgrades/mainnet-upgrades/constantinople.md)
INFO [05-12|18:41:13.550]  - Petersburg:                  #0        (https://github.com/ethereum/execution-specs/blob/master/network-upgrades/mainnet-upgrades/petersburg.md)
INFO [05-12|18:41:13.550]  - Istanbul:                    #0        (https://github.com/ethereum/execution-specs/blob/master/network-upgrades/mainnet-upgrades/istanbul.md)
INFO [05-12|18:41:13.550]  - Muir Glacier:                #0        (https://github.com/ethereum/execution-specs/blob/master/network-upgrades/mainnet-upgrades/muir-glacier.md)
INFO [05-12|18:41:13.550]  - Berlin:                      #0        (https://github.com/ethereum/execution-specs/blob/master/network-upgrades/mainnet-upgrades/berlin.md)
INFO [05-12|18:41:13.550]  - London:                      #0        (https://github.com/ethereum/execution-specs/blob/master/network-upgrades/mainnet-upgrades/london.md)
INFO [05-12|18:41:13.550]  - Arrow Glacier:               #0        (https://github.com/ethereum/execution-specs/blob/master/network-upgrades/mainnet-upgrades/arrow-glacier.md)
INFO [05-12|18:41:13.550]  - Gray Glacier:                #0        (https://github.com/ethereum/execution-specs/blob/master/network-upgrades/mainnet-upgrades/gray-glacier.md)
INFO [05-12|18:41:13.550] 
INFO [05-12|18:41:13.550] Merge configured:
INFO [05-12|18:41:13.550]  - Hard-fork specification:    https://github.com/ethereum/execution-specs/blob/master/network-upgrades/mainnet-upgrades/paris.md
INFO [05-12|18:41:13.550]  - Network known to be merged: true
INFO [05-12|18:41:13.550]  - Total terminal difficulty:  0
INFO [05-12|18:41:13.550] 
INFO [05-12|18:41:13.550] Post-Merge hard forks (timestamp based):
INFO [05-12|18:41:13.550]  - Shanghai:                    @0          (https://github.com/ethereum/execution-specs/blob/master/network-upgrades/mainnet-upgrades/shanghai.md)
INFO [05-12|18:41:13.550]  - Cancun:                      @0          (https://github.com/ethereum/execution-specs/blob/master/network-upgrades/mainnet-upgrades/cancun.md)
INFO [05-12|18:41:13.550] 
INFO [05-12|18:41:13.550] ---------------------------------------------------------------------------------------------------------------------------------------------------------
INFO [05-12|18:41:13.550] 
INFO [05-12|18:41:13.551] Loaded most recent local block           number=0 hash=4124ec..ebac80 td=0 age=55y1mo3w
WARN [05-12|18:41:13.551] Failed to load snapshot                  err="missing or corrupted snapshot"
INFO [05-12|18:41:13.558] Rebuilding state snapshot
INFO [05-12|18:41:13.562] Initialized transaction indexer          range="last 2350000 blocks"
INFO [05-12|18:41:13.562] Resuming state snapshot generation       root=36840b..9d07e1 accounts=0 slots=0 storage=0.00B dangling=0 elapsed=3.391ms
INFO [05-12|18:41:13.564] Generated state snapshot                 accounts=9 slots=0 storage=342.00B dangling=0 elapsed=5.856ms
INFO [05-12|18:41:13.701] Enabled snap sync                        head=0 hash=4124ec..ebac80
INFO [05-12|18:41:13.702] Gasprice oracle is ignoring threshold set threshold=2
WARN [05-12|18:41:13.708] Engine API enabled                       protocol=eth
INFO [05-12|18:41:13.708] Starting peer-to-peer node               instance=Geth/v1.14.3-stable/darwin-arm64/go1.22.3
INFO [05-12|18:41:13.729] New local node record                    seq=1,715,528,473,727 id=68ca096060a87ced ip=127.0.0.1 udp=30303 tcp=30303
INFO [05-12|18:41:13.729] Started P2P networking                   self=enode://bbfd0b6f726323f469762e7573449767c7460402a8557ccb82513427f07ea59f538263cae9e256ca015de7a5ae525c62fbab9a59d42bb63d0c68dafeac118c71@127.0.0.1:30303
INFO [05-12|18:41:13.731] IPC endpoint opened                      url=/Users/muktar/Documents/workspace/BC_ProductVerification/myDataDir/geth.ipc
INFO [05-12|18:41:13.731] Generated JWT secret                     path=/Users/muktar/Documents/workspace/BC_ProductVerification/myDataDir/geth/jwtsecret
INFO [05-12|18:41:13.736] WebSocket enabled                        url=ws://127.0.0.1:8551
INFO [05-12|18:41:13.736] HTTP server started                      endpoint=127.0.0.1:8551 auth=true prefix= cors=localhost vhosts=localhost
INFO [05-12|18:41:15.205] New local node record                    seq=1,715,528,473,728 id=68ca096060a87ced ip=87.100.182.13 udp=30303 tcp=30303
INFO [05-12|18:41:16.483] NAT mapped port                          proto=TCP extport=30303 intport=30303 interface="UPNP IGDv1-IP1"
INFO [05-12|18:41:16.989] NAT mapped port                          proto=UDP extport=30303 intport=30303 interface="UPNP IGDv1-IP1"
INFO [05-12|18:41:23.754] Looking for peers                        peercount=0 tried=221 static=0
INFO [05-12|18:41:33.764] Looking for peers                        peercount=0 tried=144 static=0
INFO [05-12|18:41:44.027] Looking for peers                        peercount=0 tried=108 static=0
WARN [05-12|18:41:48.709] Post-merge network, but no beacon client seen. Please launch one to follow the chain!
INFO [05-12|18:41:54.029] Looking for peers                        peercount=0 tried=152 static=0
INFO [05-12|18:42:04.048] Looking for peers                        peercount=0 tried=171 static=0
INFO [05-12|18:42:14.183] Looking for peers                        peercount=0 tried=140 static=0
INFO [05-12|18:42:24.208] Looking for peers                        peercount=0 tried=182 static=0
INFO [05-12|18:42:34.251] Looking for peers                        peercount=0 tried=118 static=0
INFO [05-12|18:42:44.339] Looking for peers                        peercount=0 tried=153 static=0
INFO [05-12|18:42:54.387] Looking for peers                        peercount=0 tried=180 static=0
INFO [05-12|18:43:04.707] Looking for peers                        peercount=0 tried=186 static=0
INFO [05-12|18:43:14.715] Looking for peers                        peercount=1 tried=143 static=0
INFO [05-12|18:43:24.733] Looking for peers                        peercount=0 tried=174 static=0
INFO [05-12|18:43:34.761] Looking for peers                        peercount=0 tried=120 static=0
INFO [05-12|18:43:44.796] Looking for peers                        peercount=2 tried=197 static=0
INFO [05-12|18:43:54.879] Looking for peers                        peercount=0 tried=102 static=0
INFO [05-12|18:44:05.282] Looking for peers                        peercount=0 tried=151 static=0
INFO [05-12|18:44:15.832] Looking for peers                        peercount=0 tried=146 static=0
INFO [05-12|18:44:25.847] Looking for peers                        peercount=0 tried=179 static=0
INFO [05-12|18:44:35.855] Looking for peers                        peercount=2 tried=179 static=0
INFO [05-12|18:44:45.872] Looking for peers                        peercount=0 tried=135 static=0
INFO [05-12|18:44:56.031] Looking for peers                        peercount=0 tried=183 static=0
INFO [05-12|18:45:06.032] Looking for peers                        peercount=0 tried=224 static=0
INFO [05-12|18:45:16.037] Looking for peers                        peercount=0 tried=114 static=0
INFO [05-12|18:45:26.230] Looking for peers                        peercount=0 tried=156 static=0
INFO [05-12|18:45:36.318] Looking for peers                        peercount=0 tried=157 static=0
INFO [05-12|18:45:46.357] Looking for peers                        peercount=0 tried=124 static=0
INFO [05-12|18:45:56.425] Looking for peers                        peercount=0 tried=171 static=0
INFO [05-12|18:46:06.491] Looking for peers                        peercount=0 tried=157 static=0
INFO [05-12|18:46:16.603] Looking for peers                        peercount=0 tried=195 static=0
INFO [05-12|18:46:26.606] Looking for peers                        peercount=0 tried=132 static=0
INFO [05-12|18:46:36.766] Looking for peers                        peercount=0 tried=178 static=0
INFO [05-12|18:46:43.051] HTTP server stopped                      endpoint=127.0.0.1:8551
INFO [05-12|18:46:43.051] IPC endpoint closed                      url=/Users/muktar/Documents/workspace/BC_ProductVerification/myDataDir/geth.ipc
INFO [05-12|18:46:43.052] Ethereum protocol stopped
INFO [05-12|18:46:43.052] Transaction pool stopped
INFO [05-12|18:46:43.125] Persisting dirty state to disk           root=36840b..9d07e1 layers=0
INFO [05-12|18:46:43.135] Persisted dirty state to disk            size=69.00B elapsed=10.498ms
INFO [05-12|18:46:43.142] Blockchain stopped
INFO [05-12|18:46:50.341] Maximum peer count                       ETH=50 total=50
INFO [05-12|18:46:50.359] Set global gas cap                       cap=50,000,000
INFO [05-12|18:46:50.359] Initializing the KZG library             backend=gokzg
INFO [05-12|18:46:50.383] Allocated trie memory caches             clean=154.00MiB dirty=256.00MiB
INFO [05-12|18:46:50.384] Using pebble as the backing database
INFO [05-12|18:46:50.384] Allocated cache and file handles         database=/Users/muktar/Documents/workspace/BC_ProductVerification/myDataDir/geth/chaindata cache=512.00MiB handles=5120
INFO [05-12|18:46:50.476] Opened ancient database                  database=/Users/muktar/Documents/workspace/BC_ProductVerification/myDataDir/geth/chaindata/ancient/chain readonly=false
INFO [05-12|18:46:50.477] State scheme set to already existing     scheme=path
INFO [05-12|18:46:50.479] Initialising Ethereum protocol           network=1114 dbversion=8
INFO [05-12|18:46:50.519] Opened ancient database                  database=/Users/muktar/Documents/workspace/BC_ProductVerification/myDataDir/geth/chaindata/ancient/state readonly=false
INFO [05-12|18:46:50.519] 
INFO [05-12|18:46:50.519] ---------------------------------------------------------------------------------------------------------------------------------------------------------
INFO [05-12|18:46:50.519] Chain ID:  1337 (unknown)
INFO [05-12|18:46:50.519] Consensus: unknown
INFO [05-12|18:46:50.519] 
INFO [05-12|18:46:50.519] Pre-Merge hard forks (block based):
INFO [05-12|18:46:50.519]  - Homestead:                   #0        (https://github.com/ethereum/execution-specs/blob/master/network-upgrades/mainnet-upgrades/homestead.md)
INFO [05-12|18:46:50.519]  - Tangerine Whistle (EIP 150): #0        (https://github.com/ethereum/execution-specs/blob/master/network-upgrades/mainnet-upgrades/tangerine-whistle.md)
INFO [05-12|18:46:50.519]  - Spurious Dragon/1 (EIP 155): #0        (https://github.com/ethereum/execution-specs/blob/master/network-upgrades/mainnet-upgrades/spurious-dragon.md)
INFO [05-12|18:46:50.519]  - Spurious Dragon/2 (EIP 158): #0        (https://github.com/ethereum/execution-specs/blob/master/network-upgrades/mainnet-upgrades/spurious-dragon.md)
INFO [05-12|18:46:50.519]  - Byzantium:                   #0        (https://github.com/ethereum/execution-specs/blob/master/network-upgrades/mainnet-upgrades/byzantium.md)
INFO [05-12|18:46:50.519]  - Constantinople:              #0        (https://github.com/ethereum/execution-specs/blob/master/network-upgrades/mainnet-upgrades/constantinople.md)
INFO [05-12|18:46:50.519]  - Petersburg:                  #0        (https://github.com/ethereum/execution-specs/blob/master/network-upgrades/mainnet-upgrades/petersburg.md)
INFO [05-12|18:46:50.519]  - Istanbul:                    #0        (https://github.com/ethereum/execution-specs/blob/master/network-upgrades/mainnet-upgrades/istanbul.md)
INFO [05-12|18:46:50.519]  - Muir Glacier:                #0        (https://github.com/ethereum/execution-specs/blob/master/network-upgrades/mainnet-upgrades/muir-glacier.md)
INFO [05-12|18:46:50.519]  - Berlin:                      #0        (https://github.com/ethereum/execution-specs/blob/master/network-upgrades/mainnet-upgrades/berlin.md)
INFO [05-12|18:46:50.519]  - London:                      #0        (https://github.com/ethereum/execution-specs/blob/master/network-upgrades/mainnet-upgrades/london.md)
INFO [05-12|18:46:50.519]  - Arrow Glacier:               #0        (https://github.com/ethereum/execution-specs/blob/master/network-upgrades/mainnet-upgrades/arrow-glacier.md)
INFO [05-12|18:46:50.519]  - Gray Glacier:                #0        (https://github.com/ethereum/execution-specs/blob/master/network-upgrades/mainnet-upgrades/gray-glacier.md)
INFO [05-12|18:46:50.519] 
INFO [05-12|18:46:50.519] Merge configured:
INFO [05-12|18:46:50.519]  - Hard-fork specification:    https://github.com/ethereum/execution-specs/blob/master/network-upgrades/mainnet-upgrades/paris.md
INFO [05-12|18:46:50.519]  - Network known to be merged: true
INFO [05-12|18:46:50.519]  - Total terminal difficulty:  0
INFO [05-12|18:46:50.519] 
INFO [05-12|18:46:50.519] Post-Merge hard forks (timestamp based):
INFO [05-12|18:46:50.519]  - Shanghai:                    @0          (https://github.com/ethereum/execution-specs/blob/master/network-upgrades/mainnet-upgrades/shanghai.md)
INFO [05-12|18:46:50.519]  - Cancun:                      @0          (https://github.com/ethereum/execution-specs/blob/master/network-upgrades/mainnet-upgrades/cancun.md)
INFO [05-12|18:46:50.519] 
INFO [05-12|18:46:50.519] ---------------------------------------------------------------------------------------------------------------------------------------------------------
INFO [05-12|18:46:50.519] 
INFO [05-12|18:46:50.519] Loaded most recent local block           number=0 hash=4124ec..ebac80 td=0 age=55y1mo3w
INFO [05-12|18:46:50.522] Initialized transaction indexer          range="last 2350000 blocks"
INFO [05-12|18:46:50.523] Loaded local transaction journal         transactions=0 dropped=0
INFO [05-12|18:46:50.531] Enabled snap sync                        head=0 hash=4124ec..ebac80
INFO [05-12|18:46:50.531] Gasprice oracle is ignoring threshold set threshold=2
WARN [05-12|18:46:50.538] Engine API enabled                       protocol=eth
INFO [05-12|18:46:50.538] Starting peer-to-peer node               instance=Geth/v1.14.3-stable/darwin-arm64/go1.22.3
INFO [05-12|18:46:50.608] New local node record                    seq=1,715,528,473,729 id=68ca096060a87ced ip=127.0.0.1 udp=30303 tcp=30303
INFO [05-12|18:46:50.608] Started P2P networking                   self=enode://bbfd0b6f726323f469762e7573449767c7460402a8557ccb82513427f07ea59f538263cae9e256ca015de7a5ae525c62fbab9a59d42bb63d0c68dafeac118c71@127.0.0.1:30303
INFO [05-12|18:46:50.609] IPC endpoint opened                      url=/Users/muktar/Documents/workspace/BC_ProductVerification/myDataDir/geth.ipc
INFO [05-12|18:46:50.609] Loaded JWT secret file                   path=/Users/muktar/Documents/workspace/BC_ProductVerification/myDataDir/geth/jwtsecret crc32=0x5cc3651
INFO [05-12|18:46:50.613] WebSocket enabled                        url=ws://127.0.0.1:8551
INFO [05-12|18:46:50.613] HTTP server started                      endpoint=127.0.0.1:8551 auth=true prefix= cors=localhost vhosts=localhost
INFO [05-12|18:46:52.886] New local node record                    seq=1,715,528,473,730 id=68ca096060a87ced ip=87.100.182.13 udp=30303 tcp=30303
INFO [05-12|18:46:53.350] NAT mapped port                          proto=TCP extport=30303 intport=30303 interface="UPNP IGDv1-IP1"
INFO [05-12|18:46:53.835] NAT mapped port                          proto=UDP extport=30303 intport=30303 interface="UPNP IGDv1-IP1"
INFO [05-12|18:47:00.651] Looking for peers                        peercount=0 tried=203 static=0
INFO [05-12|18:47:05.780] HTTP server stopped                      endpoint=127.0.0.1:8551
INFO [05-12|18:47:05.780] IPC endpoint closed                      url=/Users/muktar/Documents/workspace/BC_ProductVerification/myDataDir/geth.ipc
INFO [05-12|18:47:05.780] Ethereum protocol stopped
INFO [05-12|18:47:05.781] Transaction pool stopped
INFO [05-12|18:47:05.796] Persisting dirty state to disk           root=36840b..9d07e1 layers=0
INFO [05-12|18:47:05.802] Persisted dirty state to disk            size=69.00B elapsed=5.344ms
INFO [05-12|18:47:05.813] Blockchain stopped
INFO [05-12|18:47:18.000] Maximum peer count                       ETH=50 total=50
INFO [05-12|18:47:18.005] Set global gas cap                       cap=50,000,000
INFO [05-12|18:47:18.005] Initializing the KZG library             backend=gokzg
INFO [05-12|18:47:18.028] Allocated trie memory caches             clean=154.00MiB dirty=256.00MiB
INFO [05-12|18:47:18.029] Using pebble as the backing database
INFO [05-12|18:47:18.029] Allocated cache and file handles         database=/Users/muktar/Documents/workspace/BC_ProductVerification/myDataDir/geth/chaindata cache=512.00MiB handles=5120
INFO [05-12|18:47:18.082] Opened ancient database                  database=/Users/muktar/Documents/workspace/BC_ProductVerification/myDataDir/geth/chaindata/ancient/chain readonly=false
INFO [05-12|18:47:18.082] State scheme set to already existing     scheme=path
INFO [05-12|18:47:18.082] Initialising Ethereum protocol           network=1114 dbversion=8
INFO [05-12|18:47:18.089] Opened ancient database                  database=/Users/muktar/Documents/workspace/BC_ProductVerification/myDataDir/geth/chaindata/ancient/state readonly=false
INFO [05-12|18:47:18.089] 
INFO [05-12|18:47:18.089] ---------------------------------------------------------------------------------------------------------------------------------------------------------
INFO [05-12|18:47:18.089] Chain ID:  1337 (unknown)
INFO [05-12|18:47:18.089] Consensus: unknown
INFO [05-12|18:47:18.089] 
INFO [05-12|18:47:18.089] Pre-Merge hard forks (block based):
INFO [05-12|18:47:18.089]  - Homestead:                   #0        (https://github.com/ethereum/execution-specs/blob/master/network-upgrades/mainnet-upgrades/homestead.md)
INFO [05-12|18:47:18.089]  - Tangerine Whistle (EIP 150): #0        (https://github.com/ethereum/execution-specs/blob/master/network-upgrades/mainnet-upgrades/tangerine-whistle.md)
INFO [05-12|18:47:18.089]  - Spurious Dragon/1 (EIP 155): #0        (https://github.com/ethereum/execution-specs/blob/master/network-upgrades/mainnet-upgrades/spurious-dragon.md)
INFO [05-12|18:47:18.089]  - Spurious Dragon/2 (EIP 158): #0        (https://github.com/ethereum/execution-specs/blob/master/network-upgrades/mainnet-upgrades/spurious-dragon.md)
INFO [05-12|18:47:18.089]  - Byzantium:                   #0        (https://github.com/ethereum/execution-specs/blob/master/network-upgrades/mainnet-upgrades/byzantium.md)
INFO [05-12|18:47:18.089]  - Constantinople:              #0        (https://github.com/ethereum/execution-specs/blob/master/network-upgrades/mainnet-upgrades/constantinople.md)
INFO [05-12|18:47:18.089]  - Petersburg:                  #0        (https://github.com/ethereum/execution-specs/blob/master/network-upgrades/mainnet-upgrades/petersburg.md)
INFO [05-12|18:47:18.089]  - Istanbul:                    #0        (https://github.com/ethereum/execution-specs/blob/master/network-upgrades/mainnet-upgrades/istanbul.md)
INFO [05-12|18:47:18.089]  - Muir Glacier:                #0        (https://github.com/ethereum/execution-specs/blob/master/network-upgrades/mainnet-upgrades/muir-glacier.md)
INFO [05-12|18:47:18.089]  - Berlin:                      #0        (https://github.com/ethereum/execution-specs/blob/master/network-upgrades/mainnet-upgrades/berlin.md)
INFO [05-12|18:47:18.089]  - London:                      #0        (https://github.com/ethereum/execution-specs/blob/master/network-upgrades/mainnet-upgrades/london.md)
INFO [05-12|18:47:18.089]  - Arrow Glacier:               #0        (https://github.com/ethereum/execution-specs/blob/master/network-upgrades/mainnet-upgrades/arrow-glacier.md)
INFO [05-12|18:47:18.089]  - Gray Glacier:                #0        (https://github.com/ethereum/execution-specs/blob/master/network-upgrades/mainnet-upgrades/gray-glacier.md)
INFO [05-12|18:47:18.089] 
INFO [05-12|18:47:18.089] Merge configured:
INFO [05-12|18:47:18.089]  - Hard-fork specification:    https://github.com/ethereum/execution-specs/blob/master/network-upgrades/mainnet-upgrades/paris.md
INFO [05-12|18:47:18.089]  - Network known to be merged: true
INFO [05-12|18:47:18.089]  - Total terminal difficulty:  0
INFO [05-12|18:47:18.089] 
INFO [05-12|18:47:18.089] Post-Merge hard forks (timestamp based):
INFO [05-12|18:47:18.089]  - Shanghai:                    @0          (https://github.com/ethereum/execution-specs/blob/master/network-upgrades/mainnet-upgrades/shanghai.md)
INFO [05-12|18:47:18.089]  - Cancun:                      @0          (https://github.com/ethereum/execution-specs/blob/master/network-upgrades/mainnet-upgrades/cancun.md)
INFO [05-12|18:47:18.089] 
INFO [05-12|18:47:18.089] ---------------------------------------------------------------------------------------------------------------------------------------------------------
INFO [05-12|18:47:18.089] 
INFO [05-12|18:47:18.090] Loaded most recent local block           number=0 hash=4124ec..ebac80 td=0 age=55y1mo3w
INFO [05-12|18:47:18.090] Initialized transaction indexer          range="last 2350000 blocks"
INFO [05-12|18:47:18.091] Loaded local transaction journal         transactions=0 dropped=0
INFO [05-12|18:47:18.102] Enabled snap sync                        head=0 hash=4124ec..ebac80
INFO [05-12|18:47:18.102] Gasprice oracle is ignoring threshold set threshold=2
WARN [05-12|18:47:18.107] Engine API enabled                       protocol=eth
INFO [05-12|18:47:18.107] Starting peer-to-peer node               instance=Geth/v1.14.3-stable/darwin-arm64/go1.22.3
INFO [05-12|18:47:18.152] New local node record                    seq=1,715,528,473,731 id=68ca096060a87ced ip=127.0.0.1 udp=30303 tcp=30303
INFO [05-12|18:47:18.155] Started P2P networking                   self=enode://bbfd0b6f726323f469762e7573449767c7460402a8557ccb82513427f07ea59f538263cae9e256ca015de7a5ae525c62fbab9a59d42bb63d0c68dafeac118c71@127.0.0.1:30303
INFO [05-12|18:47:18.160] IPC endpoint opened                      url=/Users/muktar/Documents/workspace/BC_ProductVerification/myDataDir/geth.ipc
INFO [05-12|18:47:18.160] Loaded JWT secret file                   path=/Users/muktar/Documents/workspace/BC_ProductVerification/myDataDir/geth/jwtsecret crc32=0x5cc3651
INFO [05-12|18:47:18.165] WebSocket enabled                        url=ws://127.0.0.1:8551
INFO [05-12|18:47:18.165] HTTP server started                      endpoint=127.0.0.1:8551 auth=true prefix= cors=localhost vhosts=localhost
INFO [05-12|18:47:20.551] New local node record                    seq=1,715,528,473,732 id=68ca096060a87ced ip=87.100.182.13 udp=30303 tcp=30303
INFO [05-12|18:47:20.906] NAT mapped port                          proto=TCP extport=30303 intport=30303 interface="UPNP IGDv1-IP1"
INFO [05-12|18:47:21.390] NAT mapped port                          proto=UDP extport=30303 intport=30303 interface="UPNP IGDv1-IP1"
INFO [05-12|18:47:28.221] Looking for peers                        peercount=0 tried=177 static=0
INFO [05-12|18:47:38.262] Looking for peers                        peercount=0 tried=124 static=0
INFO [05-12|18:47:48.446] Looking for peers                        peercount=0 tried=158 static=0
WARN [05-12|18:47:53.108] Post-merge network, but no beacon client seen. Please launch one to follow the chain!
INFO [05-12|18:47:58.504] Looking for peers                        peercount=0 tried=34  static=0
INFO [05-12|18:48:08.752] Looking for peers                        peercount=0 tried=105 static=0
INFO [05-12|18:48:18.828] Looking for peers                        peercount=0 tried=126 static=0
INFO [05-12|18:48:28.984] Looking for peers                        peercount=0 tried=83  static=0
INFO [05-12|18:48:38.998] Looking for peers                        peercount=0 tried=100 static=0
INFO [05-12|18:48:49.085] Looking for peers                        peercount=0 tried=134 static=0
INFO [05-12|18:48:59.178] Looking for peers                        peercount=0 tried=114 static=0
INFO [05-12|18:49:09.182] Looking for peers                        peercount=1 tried=206 static=0
INFO [05-12|18:49:19.541] Looking for peers                        peercount=0 tried=125 static=0
INFO [05-12|18:49:29.566] Looking for peers                        peercount=0 tried=172 static=0
INFO [05-12|18:49:39.570] Looking for peers                        peercount=0 tried=179 static=0
INFO [05-12|18:49:49.571] Looking for peers                        peercount=0 tried=151 static=0
INFO [05-12|18:49:59.609] Looking for peers                        peercount=0 tried=133 static=0
INFO [05-12|18:50:09.712] Looking for peers                        peercount=0 tried=130 static=0
INFO [05-12|18:50:19.765] Looking for peers                        peercount=1 tried=199 static=0
INFO [05-12|18:50:30.195] Looking for peers                        peercount=1 tried=117 static=0
INFO [05-12|18:50:40.318] Looking for peers                        peercount=1 tried=86  static=0
INFO [05-12|18:50:43.401] HTTP server stopped                      endpoint=127.0.0.1:8551
INFO [05-12|18:50:43.402] IPC endpoint closed                      url=/Users/muktar/Documents/workspace/BC_ProductVerification/myDataDir/geth.ipc
INFO [05-12|18:50:43.402] Ethereum protocol stopped
INFO [05-12|18:50:43.402] Transaction pool stopped
INFO [05-12|18:50:43.420] Persisting dirty state to disk           root=36840b..9d07e1 layers=0
INFO [05-12|18:50:43.425] Persisted dirty state to disk            size=69.00B elapsed=5.126ms
INFO [05-12|18:50:43.429] Blockchain stopped
INFO [05-12|18:51:06.492] Maximum peer count                       ETH=50 total=50
Fatal: Failed to create the protocol stack: datadir already used by another process
INFO [05-12|18:51:16.346] Maximum peer count                       ETH=50 total=50
INFO [05-12|18:51:16.349] Set global gas cap                       cap=50,000,000
INFO [05-12|18:51:16.349] Initializing the KZG library             backend=gokzg
INFO [05-12|18:51:16.371] Allocated trie memory caches             clean=154.00MiB dirty=256.00MiB
INFO [05-12|18:51:16.371] Using pebble as the backing database
INFO [05-12|18:51:16.371] Allocated cache and file handles         database=/Users/muktar/myDataDir/geth/chaindata cache=512.00MiB handles=5120
INFO [05-12|18:51:16.450] Opened ancient database                  database=/Users/muktar/myDataDir/geth/chaindata/ancient/chain readonly=false
INFO [05-12|18:51:16.450] State scheme set to already existing     scheme=path
INFO [05-12|18:51:16.450] Initialising Ethereum protocol           network=1114 dbversion=8
INFO [05-12|18:51:16.477] Opened ancient database                  database=/Users/muktar/myDataDir/geth/chaindata/ancient/state readonly=false
INFO [05-12|18:51:16.477] 
INFO [05-12|18:51:16.477] ---------------------------------------------------------------------------------------------------------------------------------------------------------
INFO [05-12|18:51:16.477] Chain ID:  1337 (unknown)
INFO [05-12|18:51:16.477] Consensus: unknown
INFO [05-12|18:51:16.477] 
INFO [05-12|18:51:16.477] Pre-Merge hard forks (block based):
INFO [05-12|18:51:16.477]  - Homestead:                   #0        (https://github.com/ethereum/execution-specs/blob/master/network-upgrades/mainnet-upgrades/homestead.md)
INFO [05-12|18:51:16.477]  - Tangerine Whistle (EIP 150): #0        (https://github.com/ethereum/execution-specs/blob/master/network-upgrades/mainnet-upgrades/tangerine-whistle.md)
INFO [05-12|18:51:16.477]  - Spurious Dragon/1 (EIP 155): #0        (https://github.com/ethereum/execution-specs/blob/master/network-upgrades/mainnet-upgrades/spurious-dragon.md)
INFO [05-12|18:51:16.477]  - Spurious Dragon/2 (EIP 158): #0        (https://github.com/ethereum/execution-specs/blob/master/network-upgrades/mainnet-upgrades/spurious-dragon.md)
INFO [05-12|18:51:16.477]  - Byzantium:                   #0        (https://github.com/ethereum/execution-specs/blob/master/network-upgrades/mainnet-upgrades/byzantium.md)
INFO [05-12|18:51:16.477]  - Constantinople:              #0        (https://github.com/ethereum/execution-specs/blob/master/network-upgrades/mainnet-upgrades/constantinople.md)
INFO [05-12|18:51:16.477]  - Petersburg:                  #0        (https://github.com/ethereum/execution-specs/blob/master/network-upgrades/mainnet-upgrades/petersburg.md)
INFO [05-12|18:51:16.477]  - Istanbul:                    #0        (https://github.com/ethereum/execution-specs/blob/master/network-upgrades/mainnet-upgrades/istanbul.md)
INFO [05-12|18:51:16.477]  - Muir Glacier:                #0        (https://github.com/ethereum/execution-specs/blob/master/network-upgrades/mainnet-upgrades/muir-glacier.md)
INFO [05-12|18:51:16.477]  - Berlin:                      #0        (https://github.com/ethereum/execution-specs/blob/master/network-upgrades/mainnet-upgrades/berlin.md)
INFO [05-12|18:51:16.477]  - London:                      #0        (https://github.com/ethereum/execution-specs/blob/master/network-upgrades/mainnet-upgrades/london.md)
INFO [05-12|18:51:16.477]  - Arrow Glacier:               #0        (https://github.com/ethereum/execution-specs/blob/master/network-upgrades/mainnet-upgrades/arrow-glacier.md)
INFO [05-12|18:51:16.477]  - Gray Glacier:                #0        (https://github.com/ethereum/execution-specs/blob/master/network-upgrades/mainnet-upgrades/gray-glacier.md)
INFO [05-12|18:51:16.477] 
INFO [05-12|18:51:16.477] Merge configured:
INFO [05-12|18:51:16.477]  - Hard-fork specification:    https://github.com/ethereum/execution-specs/blob/master/network-upgrades/mainnet-upgrades/paris.md
INFO [05-12|18:51:16.477]  - Network known to be merged: true
INFO [05-12|18:51:16.477]  - Total terminal difficulty:  0
INFO [05-12|18:51:16.477] 
INFO [05-12|18:51:16.477] Post-Merge hard forks (timestamp based):
INFO [05-12|18:51:16.477]  - Shanghai:                    @0          (https://github.com/ethereum/execution-specs/blob/master/network-upgrades/mainnet-upgrades/shanghai.md)
INFO [05-12|18:51:16.477]  - Cancun:                      @0          (https://github.com/ethereum/execution-specs/blob/master/network-upgrades/mainnet-upgrades/cancun.md)
INFO [05-12|18:51:16.477] 
INFO [05-12|18:51:16.477] ---------------------------------------------------------------------------------------------------------------------------------------------------------
INFO [05-12|18:51:16.477] 
INFO [05-12|18:51:16.477] Loaded most recent local block           number=0 hash=c376ad..a93c0b td=0 age=55y1mo3w
INFO [05-12|18:51:16.477] Loaded most recent local finalized block number=0 hash=c376ad..a93c0b td=0 age=55y1mo3w
INFO [05-12|18:51:16.478] Initialized transaction indexer          range="last 2350000 blocks"
INFO [05-12|18:51:16.478] Loaded local transaction journal         transactions=0 dropped=0
INFO [05-12|18:51:16.488] Enabled snap sync                        head=0 hash=c376ad..a93c0b
INFO [05-12|18:51:16.488] Gasprice oracle is ignoring threshold set threshold=2
WARN [05-12|18:51:16.492] Engine API enabled                       protocol=eth
INFO [05-12|18:51:16.492] Starting peer-to-peer node               instance=Geth/v1.14.3-stable/darwin-arm64/go1.22.3
INFO [05-12|18:51:16.523] New local node record                    seq=1,715,526,189,991 id=15ba5a1459283b78 ip=127.0.0.1 udp=30303 tcp=30303
INFO [05-12|18:51:16.523] Started P2P networking                   self=enode://6ab8993fa88b72b785b73caf9ad4cef7097aeff2015c2ea688775a894ce6d7d9f51fb115a8f8e89ffa2901a88041f1118384dd741a34021e7fb95de7e573f3ac@127.0.0.1:30303
INFO [05-12|18:51:16.529] IPC endpoint opened                      url=/Users/muktar/myDataDir/geth.ipc
INFO [05-12|18:51:16.539] Generated JWT secret                     path=/Users/muktar/myDataDir/geth/jwtsecret
INFO [05-12|18:51:16.552] WebSocket enabled                        url=ws://127.0.0.1:8551
INFO [05-12|18:51:16.552] HTTP server started                      endpoint=127.0.0.1:8551 auth=true prefix= cors=localhost vhosts=localhost
INFO [05-12|18:51:18.035] New local node record                    seq=1,715,526,189,992 id=15ba5a1459283b78 ip=87.100.182.13 udp=30303 tcp=30303
INFO [05-12|18:51:19.280] NAT mapped port                          proto=UDP extport=30303 intport=30303 interface="UPNP IGDv1-IP1"
INFO [05-12|18:51:19.764] NAT mapped port                          proto=TCP extport=30303 intport=30303 interface="UPNP IGDv1-IP1"
INFO [05-12|18:51:26.533] Looking for peers                        peercount=0 tried=252 static=0
INFO [05-12|18:51:36.553] Looking for peers                        peercount=0 tried=139 static=0
INFO [05-12|18:51:41.359] HTTP server stopped                      endpoint=127.0.0.1:8551
INFO [05-12|18:51:41.359] IPC endpoint closed                      url=/Users/muktar/myDataDir/geth.ipc
INFO [05-12|18:51:41.359] Ethereum protocol stopped
INFO [05-12|18:51:41.359] Transaction pool stopped
INFO [05-12|18:51:41.385] Persisting dirty state to disk           root=d426e0..599997 layers=0
INFO [05-12|18:51:41.390] Persisted dirty state to disk            size=69.00B elapsed=4.528ms
INFO [05-12|18:51:41.393] Blockchain stopped
INFO [05-12|18:51:49.827] Maximum peer count                       ETH=50 total=50
Fatal: Failed to create the protocol stack: datadir already used by another process
